This file contains any messages produced by compilers while
running configure, to aid debugging if configure makes a mistake.

It was created by hadl configure 1.0, which was
generated by GNU Autoconf 2.69.  Invocation command line was

  $ ./configure 

## --------- ##
## Platform. ##
## --------- ##

hostname = Hyrule
uname -m = x86_64
uname -r = 3.6.6-1-ARCH
uname -s = Linux
uname -v = #1 SMP PREEMPT Mon Nov 5 11:57:22 CET 2012

/usr/bin/uname -p = unknown
/bin/uname -X     = unknown

/bin/arch              = unknown
/usr/bin/arch -k       = unknown
/usr/convex/getsysinfo = unknown
/usr/bin/hostinfo      = unknown
/bin/machine           = unknown
/usr/bin/oslevel       = unknown
/bin/universe          = unknown

PATH: /usr/local/bin
PATH: /usr/bin
PATH: /bin
PATH: /usr/local/sbin
PATH: /usr/sbin
PATH: /sbin
PATH: /usr/bin/vendor_perl
PATH: /usr/bin/core_perl
PATH: /mnt/Programmes/UNIX/Apps/play-2.0.4
PATH: /mnt/Programmes/UNIX/Apps/play-2.0.4


## ----------- ##
## Core tests. ##
## ----------- ##

configure:2311: checking for a BSD-compatible install
configure:2379: result: /usr/bin/install -c
configure:2390: checking whether build environment is sane
configure:2445: result: yes
configure:2596: checking for a thread-safe mkdir -p
configure:2635: result: /usr/bin/mkdir -p
configure:2642: checking for gawk
configure:2658: found /usr/bin/gawk
configure:2669: result: gawk
configure:2680: checking whether make sets $(MAKE)
configure:2702: result: yes
configure:2823: checking build system type
configure:2837: result: x86_64-unknown-linux-gnu
configure:2857: checking host system type
configure:2870: result: x86_64-unknown-linux-gnu
configure:2911: checking how to print strings
configure:2938: result: printf
configure:2971: checking for style of include used by make
configure:2999: result: GNU
configure:3070: checking for gcc
configure:3086: found /usr/bin/gcc
configure:3097: result: gcc
configure:3326: checking for C compiler version
configure:3335: gcc --version >&5
gcc (GCC) 4.7.2
Copyright (C) 2012 Free Software Foundation, Inc.
This is free software; see the source for copying conditions.  There is NO
warranty; not even for MERCHANTABILITY or FITNESS FOR A PARTICULAR PURPOSE.

configure:3346: $? = 0
configure:3335: gcc -v >&5
Using built-in specs.
COLLECT_GCC=gcc
COLLECT_LTO_WRAPPER=/usr/lib/gcc/x86_64-unknown-linux-gnu/4.7.2/lto-wrapper
Target: x86_64-unknown-linux-gnu
Configured with: /build/src/gcc-4.7.2/configure --prefix=/usr --libdir=/usr/lib --libexecdir=/usr/lib --mandir=/usr/share/man --infodir=/usr/share/info --with-bugurl=https://bugs.archlinux.org/ --enable-languages=c,c++,ada,fortran,go,lto,objc,obj-c++ --enable-shared --enable-threads=posix --with-system-zlib --enable-__cxa_atexit --disable-libunwind-exceptions --enable-clocale=gnu --disable-libstdcxx-pch --enable-libstdcxx-time --enable-gnu-unique-object --enable-linker-build-id --with-ppl --enable-cloog-backend=isl --disable-ppl-version-check --disable-cloog-version-check --enable-lto --enable-gold --enable-ld=default --enable-plugin --with-plugin-ld=ld.gold --with-linker-hash-style=gnu --enable-multilib --disable-libssp --disable-build-with-cxx --disable-build-poststage1-with-cxx --enable-checking=release
Thread model: posix
gcc version 4.7.2 (GCC) 
configure:3346: $? = 0
configure:3335: gcc -V >&5
gcc: error: unrecognized command line option '-V'
gcc: fatal error: no input files
compilation terminated.
configure:3346: $? = 1
configure:3335: gcc -qversion >&5
gcc: error: unrecognized command line option '-qversion'
gcc: fatal error: no input files
compilation terminated.
configure:3346: $? = 1
configure:3366: checking whether the C compiler works
configure:3388: gcc    conftest.c  >&5
configure:3392: $? = 0
configure:3440: result: yes
configure:3443: checking for C compiler default output file name
configure:3445: result: a.out
configure:3451: checking for suffix of executables
configure:3458: gcc -o conftest    conftest.c  >&5
configure:3462: $? = 0
configure:3484: result: 
configure:3506: checking whether we are cross compiling
configure:3514: gcc -o conftest    conftest.c  >&5
configure:3518: $? = 0
configure:3525: ./conftest
configure:3529: $? = 0
configure:3544: result: no
configure:3549: checking for suffix of object files
configure:3571: gcc -c   conftest.c >&5
configure:3575: $? = 0
configure:3596: result: o
configure:3600: checking whether we are using the GNU C compiler
configure:3619: gcc -c   conftest.c >&5
configure:3619: $? = 0
configure:3628: result: yes
configure:3637: checking whether gcc accepts -g
configure:3657: gcc -c -g  conftest.c >&5
configure:3657: $? = 0
configure:3698: result: yes
configure:3715: checking for gcc option to accept ISO C89
configure:3778: gcc  -c -g -O2  conftest.c >&5
configure:3778: $? = 0
configure:3791: result: none needed
configure:3813: checking dependency style of gcc
configure:3924: result: gcc3
configure:3939: checking for a sed that does not truncate output
configure:4003: result: /bin/sed
configure:4021: checking for grep that handles long lines and -e
configure:4079: result: /usr/bin/grep
configure:4084: checking for egrep
configure:4146: result: /usr/bin/grep -E
configure:4151: checking for fgrep
configure:4213: result: /usr/bin/grep -F
configure:4248: checking for ld used by gcc
configure:4315: result: /usr/bin/ld
configure:4322: checking if the linker (/usr/bin/ld) is GNU ld
configure:4337: result: yes
configure:4349: checking for BSD- or MS-compatible name lister (nm)
configure:4398: result: /usr/bin/nm -B
configure:4528: checking the name lister (/usr/bin/nm -B) interface
configure:4535: gcc -c -g -O2  conftest.c >&5
configure:4538: /usr/bin/nm -B "conftest.o"
configure:4541: output
0000000000000000 B some_variable
configure:4548: result: BSD nm
configure:4551: checking whether ln -s works
configure:4555: result: yes
configure:4563: checking the maximum length of command line arguments
configure:4693: result: 1572864
configure:4710: checking whether the shell understands some XSI constructs
configure:4720: result: yes
configure:4724: checking whether the shell understands "+="
configure:4730: result: yes
configure:4765: checking how to convert x86_64-unknown-linux-gnu file names to x86_64-unknown-linux-gnu format
configure:4805: result: func_convert_file_noop
configure:4812: checking how to convert x86_64-unknown-linux-gnu file names to toolchain format
configure:4832: result: func_convert_file_noop
configure:4839: checking for /usr/bin/ld option to reload object files
configure:4846: result: -r
configure:4920: checking for objdump
configure:4936: found /usr/bin/objdump
configure:4947: result: objdump
configure:4979: checking how to recognize dependent libraries
configure:5181: result: pass_all
configure:5266: checking for dlltool
configure:5296: result: no
configure:5326: checking how to associate runtime and link libraries
configure:5353: result: printf %s\n
configure:5414: checking for ar
configure:5430: found /usr/bin/ar
configure:5441: result: ar
configure:5478: checking for archiver @FILE support
configure:5495: gcc -c -g -O2  conftest.c >&5
configure:5495: $? = 0
configure:5498: ar cru libconftest.a @conftest.lst >&5
configure:5501: $? = 0
configure:5506: ar cru libconftest.a @conftest.lst >&5
ar: conftest.o: No such file or directory
configure:5509: $? = 1
configure:5521: result: @
configure:5579: checking for strip
configure:5595: found /usr/bin/strip
configure:5606: result: strip
configure:5678: checking for ranlib
configure:5694: found /usr/bin/ranlib
configure:5705: result: ranlib
configure:5807: checking command to parse /usr/bin/nm -B output from gcc object
configure:5927: gcc -c -g -O2  conftest.c >&5
configure:5930: $? = 0
configure:5934: /usr/bin/nm -B conftest.o \| sed -n -e 's/^.*[ ]\([ABCDGIRSTW][ABCDGIRSTW]*\)[ ][ ]*\([_A-Za-z][_A-Za-z0-9]*\)$/\1 \2 \2/p' | sed '/ __gnu_lto/d' \> conftest.nm
configure:5937: $? = 0
configure:6003: gcc -o conftest -g -O2   conftest.c conftstm.o >&5
configure:6006: $? = 0
configure:6044: result: ok
configure:6081: checking for sysroot
configure:6111: result: no
configure:6188: gcc -c -g -O2  conftest.c >&5
configure:6191: $? = 0
configure:6367: checking for mt
configure:6397: result: no
configure:6417: checking if : is a manifest tool
configure:6423: : '-?'
configure:6431: result: no
configure:7073: checking how to run the C preprocessor
configure:7104: gcc -E  conftest.c
configure:7104: $? = 0
configure:7118: gcc -E  conftest.c
conftest.c:11:28: fatal error: ac_nonexistent.h: No such file or directory
compilation terminated.
configure:7118: $? = 1
configure: failed program was:
| /* confdefs.h */
| #define PACKAGE_NAME "hadl"
| #define PACKAGE_TARNAME "hadl"
| #define PACKAGE_VERSION "1.0"
| #define PACKAGE_STRING "hadl 1.0"
| #define PACKAGE_BUGREPORT ""
| #define PACKAGE_URL ""
| #define PACKAGE "hadl"
| #define VERSION "1.0"
| /* end confdefs.h.  */
| #include <ac_nonexistent.h>
configure:7143: result: gcc -E
configure:7163: gcc -E  conftest.c
configure:7163: $? = 0
configure:7177: gcc -E  conftest.c
conftest.c:11:28: fatal error: ac_nonexistent.h: No such file or directory
compilation terminated.
configure:7177: $? = 1
configure: failed program was:
| /* confdefs.h */
| #define PACKAGE_NAME "hadl"
| #define PACKAGE_TARNAME "hadl"
| #define PACKAGE_VERSION "1.0"
| #define PACKAGE_STRING "hadl 1.0"
| #define PACKAGE_BUGREPORT ""
| #define PACKAGE_URL ""
| #define PACKAGE "hadl"
| #define VERSION "1.0"
| /* end confdefs.h.  */
| #include <ac_nonexistent.h>
configure:7206: checking for ANSI C header files
configure:7226: gcc -c -g -O2  conftest.c >&5
configure:7226: $? = 0
configure:7299: gcc -o conftest -g -O2   conftest.c  >&5
configure:7299: $? = 0
configure:7299: ./conftest
configure:7299: $? = 0
configure:7310: result: yes
configure:7323: checking for sys/types.h
configure:7323: gcc -c -g -O2  conftest.c >&5
configure:7323: $? = 0
configure:7323: result: yes
configure:7323: checking for sys/stat.h
configure:7323: gcc -c -g -O2  conftest.c >&5
configure:7323: $? = 0
configure:7323: result: yes
configure:7323: checking for stdlib.h
configure:7323: gcc -c -g -O2  conftest.c >&5
configure:7323: $? = 0
configure:7323: result: yes
configure:7323: checking for string.h
configure:7323: gcc -c -g -O2  conftest.c >&5
configure:7323: $? = 0
configure:7323: result: yes
configure:7323: checking for memory.h
configure:7323: gcc -c -g -O2  conftest.c >&5
configure:7323: $? = 0
configure:7323: result: yes
configure:7323: checking for strings.h
configure:7323: gcc -c -g -O2  conftest.c >&5
configure:7323: $? = 0
configure:7323: result: yes
configure:7323: checking for inttypes.h
configure:7323: gcc -c -g -O2  conftest.c >&5
configure:7323: $? = 0
configure:7323: result: yes
configure:7323: checking for stdint.h
configure:7323: gcc -c -g -O2  conftest.c >&5
configure:7323: $? = 0
configure:7323: result: yes
configure:7323: checking for unistd.h
configure:7323: gcc -c -g -O2  conftest.c >&5
configure:7323: $? = 0
configure:7323: result: yes
configure:7337: checking for dlfcn.h
configure:7337: gcc -c -g -O2  conftest.c >&5
configure:7337: $? = 0
configure:7337: result: yes
configure:7543: checking for objdir
configure:7558: result: .libs
configure:7825: checking if gcc supports -fno-rtti -fno-exceptions
configure:7843: gcc -c -g -O2  -fno-rtti -fno-exceptions conftest.c >&5
cc1: warning: command line option '-fno-rtti' is valid for C++/ObjC++ but not for C [enabled by default]
configure:7847: $? = 0
configure:7860: result: no
configure:8187: checking for gcc option to produce PIC
configure:8194: result: -fPIC -DPIC
configure:8202: checking if gcc PIC flag -fPIC -DPIC works
configure:8220: gcc -c -g -O2  -fPIC -DPIC -DPIC conftest.c >&5
configure:8224: $? = 0
configure:8237: result: yes
configure:8266: checking if gcc static flag -static works
configure:8294: result: yes
configure:8309: checking if gcc supports -c -o file.o
configure:8330: gcc -c -g -O2  -o out/conftest2.o conftest.c >&5
configure:8334: $? = 0
configure:8356: result: yes
configure:8364: checking if gcc supports -c -o file.o
configure:8411: result: yes
configure:8444: checking whether the gcc linker (/usr/bin/ld -m elf_x86_64) supports shared libraries
configure:9597: result: yes
configure:9634: checking whether -lc should be explicitly linked in
configure:9642: gcc -c -g -O2  conftest.c >&5
configure:9645: $? = 0
configure:9660: gcc -shared  -fPIC -DPIC conftest.o  -v -Wl,-soname -Wl,conftest -o conftest 2\>\&1 \| /usr/bin/grep  -lc  \>/dev/null 2\>\&1
configure:9663: $? = 0
configure:9677: result: no
configure:9837: checking dynamic linker characteristics
configure:10348: gcc -o conftest -g -O2   -Wl,-rpath -Wl,/foo conftest.c  >&5
configure:10348: $? = 0
configure:10570: result: GNU/Linux ld.so
configure:10677: checking how to hardcode library paths into programs
configure:10702: result: immediate
configure:11242: checking whether stripping libraries is possible
configure:11247: result: yes
configure:11282: checking if libtool supports shared libraries
configure:11284: result: yes
configure:11287: checking whether to build shared libraries
configure:11308: result: yes
configure:11311: checking whether to build static libraries
configure:11315: result: yes
configure:11352: checking whether make sets $(MAKE)
configure:11374: result: yes
configure:11443: checking for g++
configure:11459: found /usr/bin/g++
configure:11470: result: g++
configure:11497: checking for C++ compiler version
configure:11506: g++ --version >&5
g++ (GCC) 4.7.2
Copyright (C) 2012 Free Software Foundation, Inc.
This is free software; see the source for copying conditions.  There is NO
warranty; not even for MERCHANTABILITY or FITNESS FOR A PARTICULAR PURPOSE.

configure:11517: $? = 0
configure:11506: g++ -v >&5
Using built-in specs.
COLLECT_GCC=g++
COLLECT_LTO_WRAPPER=/usr/lib/gcc/x86_64-unknown-linux-gnu/4.7.2/lto-wrapper
Target: x86_64-unknown-linux-gnu
Configured with: /build/src/gcc-4.7.2/configure --prefix=/usr --libdir=/usr/lib --libexecdir=/usr/lib --mandir=/usr/share/man --infodir=/usr/share/info --with-bugurl=https://bugs.archlinux.org/ --enable-languages=c,c++,ada,fortran,go,lto,objc,obj-c++ --enable-shared --enable-threads=posix --with-system-zlib --enable-__cxa_atexit --disable-libunwind-exceptions --enable-clocale=gnu --disable-libstdcxx-pch --enable-libstdcxx-time --enable-gnu-unique-object --enable-linker-build-id --with-ppl --enable-cloog-backend=isl --disable-ppl-version-check --disable-cloog-version-check --enable-lto --enable-gold --enable-ld=default --enable-plugin --with-plugin-ld=ld.gold --with-linker-hash-style=gnu --enable-multilib --disable-libssp --disable-build-with-cxx --disable-build-poststage1-with-cxx --enable-checking=release
Thread model: posix
gcc version 4.7.2 (GCC) 
configure:11517: $? = 0
configure:11506: g++ -V >&5
g++: error: unrecognized command line option '-V'
g++: fatal error: no input files
compilation terminated.
configure:11517: $? = 1
configure:11506: g++ -qversion >&5
g++: error: unrecognized command line option '-qversion'
g++: fatal error: no input files
compilation terminated.
configure:11517: $? = 1
configure:11521: checking whether we are using the GNU C++ compiler
configure:11540: g++ -c   conftest.cpp >&5
configure:11540: $? = 0
configure:11549: result: yes
configure:11558: checking whether g++ accepts -g
configure:11578: g++ -c -g  conftest.cpp >&5
configure:11578: $? = 0
configure:11619: result: yes
configure:11644: checking dependency style of g++
configure:11755: result: gcc3
configure:11788: checking how to run the C++ preprocessor
configure:11815: g++ -E  conftest.cpp
configure:11815: $? = 0
configure:11829: g++ -E  conftest.cpp
conftest.cpp:23:28: fatal error: ac_nonexistent.h: No such file or directory
compilation terminated.
configure:11829: $? = 1
configure: failed program was:
| /* confdefs.h */
| #define PACKAGE_NAME "hadl"
| #define PACKAGE_TARNAME "hadl"
| #define PACKAGE_VERSION "1.0"
| #define PACKAGE_STRING "hadl 1.0"
| #define PACKAGE_BUGREPORT ""
| #define PACKAGE_URL ""
| #define PACKAGE "hadl"
| #define VERSION "1.0"
| #define STDC_HEADERS 1
| #define HAVE_SYS_TYPES_H 1
| #define HAVE_SYS_STAT_H 1
| #define HAVE_STDLIB_H 1
| #define HAVE_STRING_H 1
| #define HAVE_MEMORY_H 1
| #define HAVE_STRINGS_H 1
| #define HAVE_INTTYPES_H 1
| #define HAVE_STDINT_H 1
| #define HAVE_UNISTD_H 1
| #define HAVE_DLFCN_H 1
| #define LT_OBJDIR ".libs/"
| /* end confdefs.h.  */
| #include <ac_nonexistent.h>
configure:11854: result: g++ -E
configure:11874: g++ -E  conftest.cpp
configure:11874: $? = 0
configure:11888: g++ -E  conftest.cpp
conftest.cpp:23:28: fatal error: ac_nonexistent.h: No such file or directory
compilation terminated.
configure:11888: $? = 1
configure: failed program was:
| /* confdefs.h */
| #define PACKAGE_NAME "hadl"
| #define PACKAGE_TARNAME "hadl"
| #define PACKAGE_VERSION "1.0"
| #define PACKAGE_STRING "hadl 1.0"
| #define PACKAGE_BUGREPORT ""
| #define PACKAGE_URL ""
| #define PACKAGE "hadl"
| #define VERSION "1.0"
| #define STDC_HEADERS 1
| #define HAVE_SYS_TYPES_H 1
| #define HAVE_SYS_STAT_H 1
| #define HAVE_STDLIB_H 1
| #define HAVE_STRING_H 1
| #define HAVE_MEMORY_H 1
| #define HAVE_STRINGS_H 1
| #define HAVE_INTTYPES_H 1
| #define HAVE_STDINT_H 1
| #define HAVE_UNISTD_H 1
| #define HAVE_DLFCN_H 1
| #define LT_OBJDIR ".libs/"
| /* end confdefs.h.  */
| #include <ac_nonexistent.h>
configure:12057: checking for ld used by g++
configure:12124: result: /usr/bin/ld -m elf_x86_64
configure:12131: checking if the linker (/usr/bin/ld -m elf_x86_64) is GNU ld
configure:12146: result: yes
configure:12201: checking whether the g++ linker (/usr/bin/ld -m elf_x86_64) supports shared libraries
configure:13206: result: yes
configure:13242: g++ -c -g -O2  conftest.cpp >&5
configure:13245: $? = 0
configure:13765: checking for g++ option to produce PIC
configure:13772: result: -fPIC -DPIC
configure:13780: checking if g++ PIC flag -fPIC -DPIC works
configure:13798: g++ -c -g -O2  -fPIC -DPIC -DPIC conftest.cpp >&5
configure:13802: $? = 0
configure:13815: result: yes
configure:13838: checking if g++ static flag -static works
configure:13866: result: yes
configure:13878: checking if g++ supports -c -o file.o
configure:13899: g++ -c -g -O2  -o out/conftest2.o conftest.cpp >&5
configure:13903: $? = 0
configure:13925: result: yes
configure:13930: checking if g++ supports -c -o file.o
configure:13977: result: yes
configure:14007: checking whether the g++ linker (/usr/bin/ld -m elf_x86_64) supports shared libraries
configure:14043: result: yes
configure:14184: checking dynamic linker characteristics
configure:14851: result: GNU/Linux ld.so
configure:14904: checking how to hardcode library paths into programs
configure:14929: result: immediate
configure:15017: checking for gcc
configure:15044: result: gcc
configure:15273: checking for C compiler version
configure:15282: gcc --version >&5
gcc (GCC) 4.7.2
Copyright (C) 2012 Free Software Foundation, Inc.
This is free software; see the source for copying conditions.  There is NO
warranty; not even for MERCHANTABILITY or FITNESS FOR A PARTICULAR PURPOSE.

configure:15293: $? = 0
configure:15282: gcc -v >&5
Using built-in specs.
COLLECT_GCC=gcc
COLLECT_LTO_WRAPPER=/usr/lib/gcc/x86_64-unknown-linux-gnu/4.7.2/lto-wrapper
Target: x86_64-unknown-linux-gnu
Configured with: /build/src/gcc-4.7.2/configure --prefix=/usr --libdir=/usr/lib --libexecdir=/usr/lib --mandir=/usr/share/man --infodir=/usr/share/info --with-bugurl=https://bugs.archlinux.org/ --enable-languages=c,c++,ada,fortran,go,lto,objc,obj-c++ --enable-shared --enable-threads=posix --with-system-zlib --enable-__cxa_atexit --disable-libunwind-exceptions --enable-clocale=gnu --disable-libstdcxx-pch --enable-libstdcxx-time --enable-gnu-unique-object --enable-linker-build-id --with-ppl --enable-cloog-backend=isl --disable-ppl-version-check --disable-cloog-version-check --enable-lto --enable-gold --enable-ld=default --enable-plugin --with-plugin-ld=ld.gold --with-linker-hash-style=gnu --enable-multilib --disable-libssp --disable-build-with-cxx --disable-build-poststage1-with-cxx --enable-checking=release
Thread model: posix
gcc version 4.7.2 (GCC) 
configure:15293: $? = 0
configure:15282: gcc -V >&5
gcc: error: unrecognized command line option '-V'
gcc: fatal error: no input files
compilation terminated.
configure:15293: $? = 1
configure:15282: gcc -qversion >&5
gcc: error: unrecognized command line option '-qversion'
gcc: fatal error: no input files
compilation terminated.
configure:15293: $? = 1
configure:15297: checking whether we are using the GNU C compiler
configure:15325: result: yes
configure:15334: checking whether gcc accepts -g
configure:15395: result: yes
configure:15412: checking for gcc option to accept ISO C89
configure:15488: result: none needed
configure:15510: checking dependency style of gcc
configure:15621: result: gcc3
configure:15692: checking for pkg-config
configure:15710: found /usr/bin/pkg-config
configure:15722: result: /usr/bin/pkg-config
configure:15747: checking pkg-config is at least version 0.9.0
configure:15750: result: yes
configure:15760: checking for LIBJSONCPP
configure:15767: $PKG_CONFIG --exists --print-errors "jsoncpp"
configure:15770: $? = 0
configure:15784: $PKG_CONFIG --exists --print-errors "jsoncpp"
configure:15787: $? = 0
configure:15845: result: yes
configure:15851: checking for LIBSIGC
configure:15858: $PKG_CONFIG --exists --print-errors "sigc++-2.0"
configure:15861: $? = 0
configure:15875: $PKG_CONFIG --exists --print-errors "sigc++-2.0"
configure:15878: $? = 0
configure:15936: result: yes
configure:16059: checking that generated files are newer than configure
configure:16065: result: done
configure:16096: creating ./config.status

## ---------------------- ##
## Running config.status. ##
## ---------------------- ##

This file was extended by hadl config.status 1.0, which was
generated by GNU Autoconf 2.69.  Invocation command line was

  CONFIG_FILES    = 
  CONFIG_HEADERS  = 
  CONFIG_LINKS    = 
  CONFIG_COMMANDS = 
  $ ./config.status 

on Hyrule

config.status:1148: creating Makefile
config.status:1148: creating src/Makefile
config.status:1148: creating src/api/Makefile
config.status:1148: creating config.h
config.status:1329: config.h is unchanged
config.status:1377: executing depfiles commands
config.status:1377: executing libtool commands

## ---------------- ##
## Cache variables. ##
## ---------------- ##

ac_cv_build=x86_64-unknown-linux-gnu
ac_cv_c_compiler_gnu=yes
ac_cv_cxx_compiler_gnu=yes
ac_cv_env_CCC_set=
ac_cv_env_CCC_value=
ac_cv_env_CC_set=
ac_cv_env_CC_value=
ac_cv_env_CFLAGS_set=
ac_cv_env_CFLAGS_value=
ac_cv_env_CPPFLAGS_set=
ac_cv_env_CPPFLAGS_value=
ac_cv_env_CPP_set=
ac_cv_env_CPP_value=
ac_cv_env_CXXCPP_set=
ac_cv_env_CXXCPP_value=
ac_cv_env_CXXFLAGS_set=
ac_cv_env_CXXFLAGS_value=
ac_cv_env_CXX_set=
ac_cv_env_CXX_value=
ac_cv_env_LDFLAGS_set=
ac_cv_env_LDFLAGS_value=
ac_cv_env_LIBJSONCPP_CFLAGS_set=
ac_cv_env_LIBJSONCPP_CFLAGS_value=
ac_cv_env_LIBJSONCPP_LIBS_set=
ac_cv_env_LIBJSONCPP_LIBS_value=
ac_cv_env_LIBSIGC_CFLAGS_set=
ac_cv_env_LIBSIGC_CFLAGS_value=
ac_cv_env_LIBSIGC_LIBS_set=
ac_cv_env_LIBSIGC_LIBS_value=
ac_cv_env_LIBS_set=
ac_cv_env_LIBS_value=
ac_cv_env_PKG_CONFIG_LIBDIR_set=
ac_cv_env_PKG_CONFIG_LIBDIR_value=
ac_cv_env_PKG_CONFIG_PATH_set=set
ac_cv_env_PKG_CONFIG_PATH_value=:/usr/lib/pkgconfig/:/usr/local/lib/pkgconfig/:/usr/lib/pkgconfig/:/usr/local/lib/pkgconfig/
ac_cv_env_PKG_CONFIG_set=
ac_cv_env_PKG_CONFIG_value=
ac_cv_env_build_alias_set=
ac_cv_env_build_alias_value=
ac_cv_env_host_alias_set=
ac_cv_env_host_alias_value=
ac_cv_env_target_alias_set=
ac_cv_env_target_alias_value=
ac_cv_header_dlfcn_h=yes
ac_cv_header_inttypes_h=yes
ac_cv_header_memory_h=yes
ac_cv_header_stdc=yes
ac_cv_header_stdint_h=yes
ac_cv_header_stdlib_h=yes
ac_cv_header_string_h=yes
ac_cv_header_strings_h=yes
ac_cv_header_sys_stat_h=yes
ac_cv_header_sys_types_h=yes
ac_cv_header_unistd_h=yes
ac_cv_host=x86_64-unknown-linux-gnu
ac_cv_objext=o
ac_cv_path_EGREP='/usr/bin/grep -E'
ac_cv_path_FGREP='/usr/bin/grep -F'
ac_cv_path_GREP=/usr/bin/grep
ac_cv_path_SED=/bin/sed
ac_cv_path_ac_pt_PKG_CONFIG=/usr/bin/pkg-config
ac_cv_path_install='/usr/bin/install -c'
ac_cv_path_mkdir=/usr/bin/mkdir
ac_cv_prog_AWK=gawk
ac_cv_prog_CPP='gcc -E'
ac_cv_prog_CXXCPP='g++ -E'
ac_cv_prog_ac_ct_AR=ar
ac_cv_prog_ac_ct_CC=gcc
ac_cv_prog_ac_ct_CXX=g++
ac_cv_prog_ac_ct_OBJDUMP=objdump
ac_cv_prog_ac_ct_RANLIB=ranlib
ac_cv_prog_ac_ct_STRIP=strip
ac_cv_prog_cc_c89=
ac_cv_prog_cc_g=yes
ac_cv_prog_cxx_g=yes
ac_cv_prog_make_make_set=yes
am_cv_CC_dependencies_compiler_type=gcc3
am_cv_CXX_dependencies_compiler_type=gcc3
lt_cv_ar_at_file=@
lt_cv_archive_cmds_need_lc=no
lt_cv_deplibs_check_method=pass_all
lt_cv_file_magic_cmd='$MAGIC_CMD'
lt_cv_file_magic_test_file=
lt_cv_ld_reload_flag=-r
lt_cv_nm_interface='BSD nm'
lt_cv_objdir=.libs
lt_cv_path_LD=/usr/bin/ld
lt_cv_path_LDCXX='/usr/bin/ld -m elf_x86_64'
lt_cv_path_NM='/usr/bin/nm -B'
lt_cv_path_mainfest_tool=no
lt_cv_prog_compiler_c_o=yes
lt_cv_prog_compiler_c_o_CXX=yes
lt_cv_prog_compiler_pic='-fPIC -DPIC'
lt_cv_prog_compiler_pic_CXX='-fPIC -DPIC'
lt_cv_prog_compiler_pic_works=yes
lt_cv_prog_compiler_pic_works_CXX=yes
lt_cv_prog_compiler_rtti_exceptions=no
lt_cv_prog_compiler_static_works=yes
lt_cv_prog_compiler_static_works_CXX=yes
lt_cv_prog_gnu_ld=yes
lt_cv_prog_gnu_ldcxx=yes
lt_cv_sharedlib_from_linklib_cmd='printf %s\n'
lt_cv_shlibpath_overrides_runpath=no
lt_cv_sys_global_symbol_pipe='sed -n -e '\''s/^.*[	 ]\([ABCDGIRSTW][ABCDGIRSTW]*\)[	 ][	 ]*\([_A-Za-z][_A-Za-z0-9]*\)$/\1 \2 \2/p'\'' | sed '\''/ __gnu_lto/d'\'''
lt_cv_sys_global_symbol_to_c_name_address='sed -n -e '\''s/^: \([^ ]*\)[ ]*$/  {\"\1\", (void *) 0},/p'\'' -e '\''s/^[ABCDGIRSTW]* \([^ ]*\) \([^ ]*\)$/  {"\2", (void *) \&\2},/p'\'''
lt_cv_sys_global_symbol_to_c_name_address_lib_prefix='sed -n -e '\''s/^: \([^ ]*\)[ ]*$/  {\"\1\", (void *) 0},/p'\'' -e '\''s/^[ABCDGIRSTW]* \([^ ]*\) \(lib[^ ]*\)$/  {"\2", (void *) \&\2},/p'\'' -e '\''s/^[ABCDGIRSTW]* \([^ ]*\) \([^ ]*\)$/  {"lib\2", (void *) \&\2},/p'\'''
lt_cv_sys_global_symbol_to_cdecl='sed -n -e '\''s/^T .* \(.*\)$/extern int \1();/p'\'' -e '\''s/^[ABCDGIRSTW]* .* \(.*\)$/extern char \1;/p'\'''
lt_cv_sys_max_cmd_len=1572864
lt_cv_to_host_file_cmd=func_convert_file_noop
lt_cv_to_tool_file_cmd=func_convert_file_noop
pkg_cv_LIBJSONCPP_CFLAGS='-I/usr/local/include/jsoncpp  '
pkg_cv_LIBJSONCPP_LIBS='-L/usr/local/lib -ljsoncpp  '
pkg_cv_LIBSIGC_CFLAGS='-I/usr/include/sigc++-2.0 -I/usr/lib/sigc++-2.0/include  '
pkg_cv_LIBSIGC_LIBS='-lsigc-2.0  '

## ----------------- ##
## Output variables. ##
## ----------------- ##

ACLOCAL='${SHELL} /home/latoof/COMMON/Code/HADL/missing --run aclocal-1.12'
AMDEPBACKSLASH='\'
AMDEP_FALSE='#'
AMDEP_TRUE=''
AMTAR='$${TAR-tar}'
AR='ar'
AUTOCONF='${SHELL} /home/latoof/COMMON/Code/HADL/missing --run autoconf'
AUTOHEADER='${SHELL} /home/latoof/COMMON/Code/HADL/missing --run autoheader'
AUTOMAKE='${SHELL} /home/latoof/COMMON/Code/HADL/missing --run automake-1.12'
AWK='gawk'
CC='gcc'
CCDEPMODE='depmode=gcc3'
CFLAGS='-g -O2'
CPP='gcc -E'
CPPFLAGS=''
CXX='g++'
CXXCPP='g++ -E'
CXXDEPMODE='depmode=gcc3'
CXXFLAGS='-g -O2'
CYGPATH_W='echo'
DEFS='-DHAVE_CONFIG_H'
DEPDIR='.deps'
DLLTOOL='false'
DSYMUTIL=''
DUMPBIN=''
ECHO_C=''
ECHO_N='-n'
ECHO_T=''
EGREP='/usr/bin/grep -E'
EXEEXT=''
FGREP='/usr/bin/grep -F'
GREP='/usr/bin/grep'
INSTALL_DATA='${INSTALL} -m 644'
INSTALL_PROGRAM='${INSTALL}'
INSTALL_SCRIPT='${INSTALL}'
INSTALL_STRIP_PROGRAM='$(install_sh) -c -s'
LD='/usr/bin/ld -m elf_x86_64'
LDFLAGS=''
LIBJSONCPP_CFLAGS='-I/usr/local/include/jsoncpp  '
LIBJSONCPP_LIBS='-L/usr/local/lib -ljsoncpp  '
LIBOBJS=''
LIBS=''
LIBSIGC_CFLAGS='-I/usr/include/sigc++-2.0 -I/usr/lib/sigc++-2.0/include  '
LIBSIGC_LIBS='-lsigc-2.0  '
LIBTOOL='$(SHELL) $(top_builddir)/libtool'
LIPO=''
LN_S='ln -s'
LTLIBOBJS=''
MAKEINFO='${SHELL} /home/latoof/COMMON/Code/HADL/missing --run makeinfo'
MANIFEST_TOOL=':'
MKDIR_P='/usr/bin/mkdir -p'
NM='/usr/bin/nm -B'
NMEDIT=''
OBJDUMP='objdump'
OBJEXT='o'
OTOOL64=''
OTOOL=''
PACKAGE='hadl'
PACKAGE_BUGREPORT=''
PACKAGE_NAME='hadl'
PACKAGE_STRING='hadl 1.0'
PACKAGE_TARNAME='hadl'
PACKAGE_URL=''
PACKAGE_VERSION='1.0'
PATH_SEPARATOR=':'
PKG_CONFIG='/usr/bin/pkg-config'
PKG_CONFIG_LIBDIR=''
PKG_CONFIG_PATH=':/usr/lib/pkgconfig/:/usr/local/lib/pkgconfig/:/usr/lib/pkgconfig/:/usr/local/lib/pkgconfig/'
RANLIB='ranlib'
SED='/bin/sed'
SET_MAKE=''
SHELL='/bin/sh'
STRIP='strip'
VERSION='1.0'
ac_ct_AR='ar'
ac_ct_CC='gcc'
ac_ct_CXX='g++'
ac_ct_DUMPBIN=''
am__EXEEXT_FALSE=''
am__EXEEXT_TRUE='#'
am__fastdepCC_FALSE='#'
am__fastdepCC_TRUE=''
am__fastdepCXX_FALSE='#'
am__fastdepCXX_TRUE=''
am__include='include'
am__isrc=''
am__leading_dot='.'
am__nodep='_no'
am__quote=''
am__tar='$${TAR-tar} chof - "$$tardir"'
am__untar='$${TAR-tar} xf -'
bindir='${exec_prefix}/bin'
build='x86_64-unknown-linux-gnu'
build_alias=''
build_cpu='x86_64'
build_os='linux-gnu'
build_vendor='unknown'
datadir='${datarootdir}'
datarootdir='${prefix}/share'
docdir='${datarootdir}/doc/${PACKAGE_TARNAME}'
dvidir='${docdir}'
exec_prefix='${prefix}'
host='x86_64-unknown-linux-gnu'
host_alias=''
host_cpu='x86_64'
host_os='linux-gnu'
host_vendor='unknown'
htmldir='${docdir}'
includedir='${prefix}/include'
infodir='${datarootdir}/info'
install_sh='${SHELL} /home/latoof/COMMON/Code/HADL/install-sh'
libdir='${exec_prefix}/lib'
libexecdir='${exec_prefix}/libexec'
localedir='${datarootdir}/locale'
localstatedir='${prefix}/var'
mandir='${datarootdir}/man'
mkdir_p='$(MKDIR_P)'
oldincludedir='/usr/include'
pdfdir='${docdir}'
prefix='/usr/local'
program_transform_name='s,x,x,'
psdir='${docdir}'
sbindir='${exec_prefix}/sbin'
sharedstatedir='${prefix}/com'
sysconfdir='${prefix}/etc'
target_alias=''

## ----------- ##
## confdefs.h. ##
## ----------- ##

/* confdefs.h */
#define PACKAGE_NAME "hadl"
#define PACKAGE_TARNAME "hadl"
#define PACKAGE_VERSION "1.0"
#define PACKAGE_STRING "hadl 1.0"
#define PACKAGE_BUGREPORT ""
#define PACKAGE_URL ""
#define PACKAGE "hadl"
#define VERSION "1.0"
#define STDC_HEADERS 1
#define HAVE_SYS_TYPES_H 1
#define HAVE_SYS_STAT_H 1
#define HAVE_STDLIB_H 1
#define HAVE_STRING_H 1
#define HAVE_MEMORY_H 1
#define HAVE_STRINGS_H 1
#define HAVE_INTTYPES_H 1
#define HAVE_STDINT_H 1
#define HAVE_UNISTD_H 1
#define HAVE_DLFCN_H 1
#define LT_OBJDIR ".libs/"

configure: exit 0
